Using pre-set license
Built from '2021.3/staging' branch; Version is '2021.3.21f1 (1b156197d683) revision 1774945'; Using compiler version '192829333'; Build Type 'Release'
OS: 'Windows 11  (10.0.22631) 64bit Professional' Language: 'en' Physical Memory: 16102 MB
BatchMode: 1, IsHumanControllingUs: 0, StartBugReporterOnCrash: 0, Is64bit: 1, IsPro: 1

COMMAND LINE ARGUMENTS:
C:\Program Files\Unity\Hub\Editor\2021.3.21f1\Editor\Unity.exe
-adb2
-batchMode
-noUpm
-name
AssetImportWorker0
-projectPath
C:/Users/BitBin.ir/Desktop/BOB sed
-logFile
Logs/AssetImportWorker0.log
-srvPort
49770
Successfully changed project path to: C:/Users/BitBin.ir/Desktop/BOB sed
C:/Users/BitBin.ir/Desktop/BOB sed
[UnityMemory] Configuration Parameters - Can be set up in boot.config
    "memorysetup-bucket-allocator-granularity=16"
    "memorysetup-bucket-allocator-bucket-count=8"
    "memorysetup-bucket-allocator-block-size=33554432"
    "memorysetup-bucket-allocator-block-count=8"
    "memorysetup-main-allocator-block-size=16777216"
    "memorysetup-thread-allocator-block-size=16777216"
    "memorysetup-gfx-main-allocator-block-size=16777216"
    "memorysetup-gfx-thread-allocator-block-size=16777216"
    "memorysetup-cache-allocator-block-size=4194304"
    "memorysetup-typetree-allocator-block-size=2097152"
    "memorysetup-profiler-bucket-allocator-granularity=16"
    "memorysetup-profiler-bucket-allocator-bucket-count=8"
    "memorysetup-profiler-bucket-allocator-block-size=33554432"
    "memorysetup-profiler-bucket-allocator-block-count=8"
    "memorysetup-profiler-allocator-block-size=16777216"
    "memorysetup-profiler-editor-allocator-block-size=1048576"
    "memorysetup-temp-allocator-size-main=16777216"
    "memorysetup-job-temp-allocator-block-size=2097152"
    "memorysetup-job-temp-allocator-block-size-background=1048576"
    "memorysetup-job-temp-allocator-reduction-small-platforms=262144"
    "memorysetup-temp-allocator-size-background-worker=32768"
    "memorysetup-temp-allocator-size-job-worker=262144"
    "memorysetup-temp-allocator-size-preload-manager=33554432"
    "memorysetup-temp-allocator-size-nav-mesh-worker=65536"
    "memorysetup-temp-allocator-size-audio-worker=65536"
    "memorysetup-temp-allocator-size-cloud-worker=32768"
    "memorysetup-temp-allocator-size-gi-baking-worker=262144"
    "memorysetup-temp-allocator-size-gfx=262144"
Player connection [16784] Host "[IP] 192.168.1.51 [Port] 0 [Flags] 2 [Guid] 2840410036 [EditorId] 2840410036 [Version] 1048832 [Id] WindowsEditor(7,ZAHRA) [Debug] 1 [PackageName] WindowsEditor [ProjectName] Editor" joined multi-casting on [225.0.0.222:54997]...

Player connection [16784] Host "[IP] 192.168.1.51 [Port] 0 [Flags] 2 [Guid] 2840410036 [EditorId] 2840410036 [Version] 1048832 [Id] WindowsEditor(7,ZAHRA) [Debug] 1 [PackageName] WindowsEditor [ProjectName] Editor" joined alternative multi-casting on [225.0.0.222:34997]...

Refreshing native plugins compatible for Editor in 76.17 ms, found 3 plugins.
Preloading 0 native plugins for Editor in 0.00 ms.
Initialize engine version: 2021.3.21f1 (1b156197d683)
[Subsystems] Discovering subsystems at path C:/Program Files/Unity/Hub/Editor/2021.3.21f1/Editor/Data/Resources/UnitySubsystems
[Subsystems] Discovering subsystems at path C:/Users/BitBin.ir/Desktop/BOB sed/Assets
GfxDevice: creating device client; threaded=0; jobified=0
Direct3D:
    Version:  Direct3D 11.0 [level 11.1]
    Renderer: NVIDIA Quadro T2000 (ID=0x1fb8)
    Vendor:   NVIDIA
    VRAM:     3952 MB
    Driver:   31.0.15.3209
Initialize mono
Mono path[0] = 'C:/Program Files/Unity/Hub/Editor/2021.3.21f1/Editor/Data/Managed'
Mono path[1] = 'C:/Program Files/Unity/Hub/Editor/2021.3.21f1/Editor/Data/MonoBleedingEdge/lib/mono/unityjit-win32'
Mono config path = 'C:/Program Files/Unity/Hub/Editor/2021.3.21f1/Editor/Data/MonoBleedingEdge/etc'
Using monoOptions --debugger-agent=transport=dt_socket,embedding=1,server=y,suspend=n,address=127.0.0.1:56356
Begin MonoManager ReloadAssembly
Registering precompiled unity dll's ...
Register platform support module: C:/Program Files/Unity/Hub/Editor/2021.3.21f1/Editor/Data/PlaybackEngines/WebGLSupport/UnityEditor.WebGL.Extensions.dll
Register platform support module: C:/Program Files/Unity/Hub/Editor/2021.3.21f1/Editor/Data/PlaybackEngines/AndroidPlayer/UnityEditor.Android.Extensions.dll
Register platform support module: C:/Program Files/Unity/Hub/Editor/2021.3.21f1/Editor/Data/PlaybackEngines/iOSSupport/UnityEditor.iOS.Extensions.dll
Register platform support module: C:/Program Files/Unity/Hub/Editor/2021.3.21f1/Editor/Data/PlaybackEngines/WindowsStandaloneSupport/UnityEditor.WindowsStandalone.Extensions.dll
Registered in 0.005585 seconds.
Native extension for WindowsStandalone target not found
[usbmuxd] Start listen thread
[usbmuxd] Listen thread started
Native extension for iOS target not found
Native extension for Android target not found
Android Extension - Scanning For ADB Devices 198 ms
Native extension for WebGL target not found
Refreshing native plugins compatible for Editor in 77.58 ms, found 3 plugins.
Preloading 0 native plugins for Editor in 0.00 ms.
Mono: successfully reloaded assembly
- Completed reload, in  0.828 seconds
Domain Reload Profiling:
	ReloadAssembly (829ms)
		BeginReloadAssembly (76ms)
			ExecutionOrderSort (0ms)
			DisableScriptedObjects (0ms)
			BackupInstance (0ms)
			ReleaseScriptingObjects (0ms)
			CreateAndSetChildDomain (1ms)
		EndReloadAssembly (658ms)
			LoadAssemblies (75ms)
			RebuildTransferFunctionScriptingTraits (0ms)
			SetupTypeCache (105ms)
			ReleaseScriptCaches (0ms)
			RebuildScriptCaches (26ms)
			SetupLoadedEditorAssemblies (479ms)
				LogAssemblyErrors (0ms)
				InitializePlatformSupportModulesInManaged (267ms)
				SetLoadedEditorAssemblies (0ms)
				RefreshPlugins (78ms)
				BeforeProcessingInitializeOnLoad (1ms)
				ProcessInitializeOnLoadAttributes (89ms)
				ProcessInitializeOnLoadMethodAttributes (44ms)
				AfterProcessingInitializeOnLoad (0ms)
				EditorAssembliesLoaded (0ms)
			ExecutionOrderSort2 (0ms)
			AwakeInstancesAfterBackupRestoration (0ms)
Platform modules already initialized, skipping
Registering precompiled user dll's ...
Registered in 0.006234 seconds.
Begin MonoManager ReloadAssembly
Symbol file LoadedFromMemory doesn't match image C:\Users\BitBin.ir\Desktop\BOB sed\Library\PackageCache\com.unity.visualscripting@1.8.0\Editor\VisualScripting.Core\Dependencies\YamlDotNet\Unity.VisualScripting.YamlDotNet.dll
Symbol file LoadedFromMemory doesn't match image C:\Users\BitBin.ir\Desktop\BOB sed\Library\PackageCache\com.unity.visualscripting@1.8.0\Editor\VisualScripting.Core\Dependencies\DotNetZip\Unity.VisualScripting.IonicZip.dll
Native extension for WindowsStandalone target not found
Native extension for iOS target not found
Native extension for Android target not found
Native extension for WebGL target not found
Refreshing native plugins compatible for Editor in 0.61 ms, found 3 plugins.
Preloading 0 native plugins for Editor in 0.00 ms.
Mono: successfully reloaded assembly
- Completed reload, in  1.233 seconds
Domain Reload Profiling:
	ReloadAssembly (1234ms)
		BeginReloadAssembly (115ms)
			ExecutionOrderSort (0ms)
			DisableScriptedObjects (6ms)
			BackupInstance (0ms)
			ReleaseScriptingObjects (0ms)
			CreateAndSetChildDomain (18ms)
		EndReloadAssembly (1007ms)
			LoadAssemblies (91ms)
			RebuildTransferFunctionScriptingTraits (0ms)
			SetupTypeCache (289ms)
			ReleaseScriptCaches (1ms)
			RebuildScriptCaches (52ms)
			SetupLoadedEditorAssemblies (541ms)
				LogAssemblyErrors (0ms)
				InitializePlatformSupportModulesInManaged (28ms)
				SetLoadedEditorAssemblies (0ms)
				RefreshPlugins (1ms)
				BeforeProcessingInitializeOnLoad (87ms)
				ProcessInitializeOnLoadAttributes (401ms)
				ProcessInitializeOnLoadMethodAttributes (19ms)
				AfterProcessingInitializeOnLoad (5ms)
				EditorAssembliesLoaded (0ms)
			ExecutionOrderSort2 (0ms)
			AwakeInstancesAfterBackupRestoration (5ms)
Platform modules already initialized, skipping
========================================================================
Worker process is ready to serve import requests
Launched and connected shader compiler UnityShaderCompiler.exe after 0.03 seconds
Refreshing native plugins compatible for Editor in 0.61 ms, found 3 plugins.
Preloading 0 native plugins for Editor in 0.00 ms.
Unloading 3482 Unused Serialized files (Serialized files now loaded: 0)
Unloading 27 unused Assets / (56.5 KB). Loaded Objects now: 3942.
Memory consumption went from 134.0 MB to 133.9 MB.
Total: 3.273100 ms (FindLiveObjects: 0.275100 ms CreateObjectMapping: 0.228900 ms MarkObjects: 2.695600 ms  DeleteObjects: 0.065000 ms)

AssetImportParameters requested are different than current active one (requested -> active):
  custom:video-decoder-ogg-theora: a1e56fd34408186e4bbccfd4996cb3dc -> 
  custom:container-muxer-webm: aa71ff27fc2769a1b78a27578f13a17b -> 
  custom:container-demuxer-webm: 4f35f7cbe854078d1ac9338744f61a02 -> 
  custom:video-encoder-webm-vp8: eb34c28f22e8b96e1ab97ce403110664 -> 
  custom:video-codec-MediaFoundation-h265: 746d11721c4dcdbdad8f713fa42b33f4 -> 
  custom:audio-encoder-webm-vorbis: bf7c407c2cedff20999df2af8eb42d56 -> 
  custom:framework-win-MediaFoundation: 216162199b28c13a410421893ffa2e32 -> 
  custom:container-demuxer-ogg: 62fdf1f143b41e24485cea50d1cbac27 -> 
  custom:video-decoder-webm-vp8: 9c59270c3fd7afecdb556c50c9e8de78 -> 
  custom:audio-decoder-ogg-vorbis: bf7c407c2cedff20999df2af8eb42d56 -> 
========================================================================
Received Import Request.
  Time since last request: 259966.341241 seconds.
  path: Assets/Back Grand.mp3
  artifactKey: Guid(2d158cbb732e68d4faa1c4c986394bf7) Importer(815301076,1909f56bfc062723c751e8b465ee728b)
Start importing Assets/Back Grand.mp3 using Guid(2d158cbb732e68d4faa1c4c986394bf7) Importer(815301076,1909f56bfc062723c751e8b465ee728b)  -> (artifact id: '8dc1560a688478325ee30717ac16be2a') in 0.156722 seconds 
========================================================================
Received Import Request.
  Time since last request: 0.000022 seconds.
  path: Assets/Scenes
  artifactKey: Guid(6ea315d0fd7389c41b19996891e99ae3) Importer(815301076,1909f56bfc062723c751e8b465ee728b)
Start importing Assets/Scenes using Guid(6ea315d0fd7389c41b19996891e99ae3) Importer(815301076,1909f56bfc062723c751e8b465ee728b)  -> (artifact id: 'b8193726cff86800c54781cdc6d54904') in 0.002353 seconds 
========================================================================
Received Import Request.
  Time since last request: 0.000068 seconds.
  path: Assets/Bullet.prefab
  artifactKey: Guid(1632b33283135d643907fb08633f0677) Importer(815301076,1909f56bfc062723c751e8b465ee728b)
Start importing Assets/Bullet.prefab using Guid(1632b33283135d643907fb08633f0677) Importer(815301076,1909f56bfc062723c751e8b465ee728b)  -> (artifact id: 'b71af7319f9323d17a1c6e8bfa945d8d') in 0.242363 seconds 
========================================================================
Received Import Request.
  Time since last request: 0.448495 seconds.
  path: Assets/Scenes/SampleScene.unity
  artifactKey: Guid(9fc0d4010bbf28b4594072e72b8655ab) Importer(815301076,1909f56bfc062723c751e8b465ee728b)
Start importing Assets/Scenes/SampleScene.unity using Guid(9fc0d4010bbf28b4594072e72b8655ab) Importer(815301076,1909f56bfc062723c751e8b465ee728b)  -> (artifact id: '8ce669e24424a115b37c07a32eb314d8') in 0.002831 seconds 
========================================================================
Received Prepare
Registering precompiled user dll's ...
Registered in 0.006033 seconds.
Begin MonoManager ReloadAssembly
Symbol file LoadedFromMemory doesn't match image C:\Users\BitBin.ir\Desktop\BOB sed\Library\PackageCache\com.unity.visualscripting@1.8.0\Editor\VisualScripting.Core\Dependencies\YamlDotNet\Unity.VisualScripting.YamlDotNet.dll
Symbol file LoadedFromMemory doesn't match image C:\Users\BitBin.ir\Desktop\BOB sed\Library\PackageCache\com.unity.visualscripting@1.8.0\Editor\VisualScripting.Core\Dependencies\DotNetZip\Unity.VisualScripting.IonicZip.dll
Native extension for WindowsStandalone target not found
Native extension for iOS target not found
Native extension for Android target not found
Native extension for WebGL target not found
Refreshing native plugins compatible for Editor in 0.67 ms, found 3 plugins.
Preloading 0 native plugins for Editor in 0.00 ms.
Mono: successfully reloaded assembly
- Completed reload, in  1.442 seconds
Domain Reload Profiling:
	ReloadAssembly (1443ms)
		BeginReloadAssembly (160ms)
			ExecutionOrderSort (0ms)
			DisableScriptedObjects (6ms)
			BackupInstance (0ms)
			ReleaseScriptingObjects (0ms)
			CreateAndSetChildDomain (46ms)
		EndReloadAssembly (1171ms)
			LoadAssemblies (98ms)
			RebuildTransferFunctionScriptingTraits (0ms)
			SetupTypeCache (326ms)
			ReleaseScriptCaches (1ms)
			RebuildScriptCaches (47ms)
			SetupLoadedEditorAssemblies (623ms)
				LogAssemblyErrors (0ms)
				InitializePlatformSupportModulesInManaged (36ms)
				SetLoadedEditorAssemblies (1ms)
				RefreshPlugins (1ms)
				BeforeProcessingInitializeOnLoad (84ms)
				ProcessInitializeOnLoadAttributes (471ms)
				ProcessInitializeOnLoadMethodAttributes (23ms)
				AfterProcessingInitializeOnLoad (7ms)
				EditorAssembliesLoaded (0ms)
			ExecutionOrderSort2 (0ms)
			AwakeInstancesAfterBackupRestoration (9ms)
Platform modules already initialized, skipping
Refreshing native plugins compatible for Editor in 2.49 ms, found 3 plugins.
Preloading 0 native plugins for Editor in 0.00 ms.
Unloading 3473 Unused Serialized files (Serialized files now loaded: 0)
Unloading 20 unused Assets / (24.6 KB). Loaded Objects now: 3958.
Memory consumption went from 138.0 MB to 137.9 MB.
Total: 4.640700 ms (FindLiveObjects: 0.403100 ms CreateObjectMapping: 0.225200 ms MarkObjects: 3.968700 ms  DeleteObjects: 0.042300 ms)

AssetImportParameters requested are different than current active one (requested -> active):
  custom:video-decoder-ogg-theora: a1e56fd34408186e4bbccfd4996cb3dc -> 
  custom:container-muxer-webm: aa71ff27fc2769a1b78a27578f13a17b -> 
  custom:container-demuxer-webm: 4f35f7cbe854078d1ac9338744f61a02 -> 
  custom:video-encoder-webm-vp8: eb34c28f22e8b96e1ab97ce403110664 -> 
  custom:video-codec-MediaFoundation-h265: 746d11721c4dcdbdad8f713fa42b33f4 -> 
  custom:audio-encoder-webm-vorbis: bf7c407c2cedff20999df2af8eb42d56 -> 
  custom:framework-win-MediaFoundation: 216162199b28c13a410421893ffa2e32 -> 
  custom:container-demuxer-ogg: 62fdf1f143b41e24485cea50d1cbac27 -> 
  custom:video-decoder-webm-vp8: 9c59270c3fd7afecdb556c50c9e8de78 -> 
  custom:audio-decoder-ogg-vorbis: bf7c407c2cedff20999df2af8eb42d56 -> 
========================================================================
Received Import Request.
  Time since last request: 4610.149328 seconds.
  path: Assets/Charecters and assets/Bikini Bottom Hub/hb01/hb01.dae
  artifactKey: Guid(619ac389597d00d4e85109d3a1669b67) Importer(815301076,1909f56bfc062723c751e8b465ee728b)
Start importing Assets/Charecters and assets/Bikini Bottom Hub/hb01/hb01.dae using Guid(619ac389597d00d4e85109d3a1669b67) Importer(815301076,1909f56bfc062723c751e8b465ee728b)  -> (artifact id: '445ddc9592cef1971f995352643ba335') in 1.778741 seconds 
========================================================================
Received Import Request.
  Time since last request: 0.000195 seconds.
  path: Assets/NewRifle/Sounds/deploy.wav
  artifactKey: Guid(c83dde09243fd824490bda86374ca336) Importer(815301076,1909f56bfc062723c751e8b465ee728b)
Start importing Assets/NewRifle/Sounds/deploy.wav using Guid(c83dde09243fd824490bda86374ca336) Importer(815301076,1909f56bfc062723c751e8b465ee728b)  -> (artifact id: '2e8b62741af22f26a55c62bece22792b') in 0.027740 seconds 
========================================================================
Received Import Request.
  Time since last request: 0.000022 seconds.
  path: Assets/Charecters and assets/Bikini Bottom Hub/hb01/hb01.fbx
  artifactKey: Guid(a62acc8cdc7117f42bfde1ad5e39c22c) Importer(815301076,1909f56bfc062723c751e8b465ee728b)
Start importing Assets/Charecters and assets/Bikini Bottom Hub/hb01/hb01.fbx using Guid(a62acc8cdc7117f42bfde1ad5e39c22c) Importer(815301076,1909f56bfc062723c751e8b465ee728b)  -> (artifact id: 'c6dd79d81cad709a45a6abf389cbe137') in 1.085552 seconds 
========================================================================
Received Import Request.
  Time since last request: 0.000025 seconds.
  path: Assets/Charecters and assets/Bikini Bottom Hub/hb01/db_gumdrop_green.png
  artifactKey: Guid(33f001c979306754495caaf6afee1be4) Importer(815301076,1909f56bfc062723c751e8b465ee728b)
Start importing Assets/Charecters and assets/Bikini Bottom Hub/hb01/db_gumdrop_green.png using Guid(33f001c979306754495caaf6afee1be4) Importer(815301076,1909f56bfc062723c751e8b465ee728b)  -> (artifact id: 'c723bfc42ae84fcd076595e4c5391f42') in 0.021243 seconds 
========================================================================
Received Import Request.
  Time since last request: 0.000025 seconds.
  path: Assets/NewRifle/Sounds/ClipIn.wav
  artifactKey: Guid(839d35f4f05fdde409bf7896ef657339) Importer(815301076,1909f56bfc062723c751e8b465ee728b)
Start importing Assets/NewRifle/Sounds/ClipIn.wav using Guid(839d35f4f05fdde409bf7896ef657339) Importer(815301076,1909f56bfc062723c751e8b465ee728b)  -> (artifact id: 'c18f7456b45568d59ff301496187e8cb') in 0.017311 seconds 
========================================================================
Received Import Request.
  Time since last request: 0.000020 seconds.
  path: Assets/Charecters and assets/Fish (B)/Camp/fish_b_camp_bind.dae
  artifactKey: Guid(9d6781f2bc69153458013f21b14abdc9) Importer(815301076,1909f56bfc062723c751e8b465ee728b)
Start importing Assets/Charecters and assets/Fish (B)/Camp/fish_b_camp_bind.dae using Guid(9d6781f2bc69153458013f21b14abdc9) Importer(815301076,1909f56bfc062723c751e8b465ee728b)  -> (artifact id: 'fe94c2a9ef3911df715a29852d195f55') in 0.054156 seconds 
========================================================================
Received Import Request.
  Time since last request: 0.000057 seconds.
  path: Assets/Charecters and assets/Bikini Bottom Hub/hb01/ground_street_alpha_lt.png
  artifactKey: Guid(55fbda075d8b2cf4584c99df15819233) Importer(815301076,1909f56bfc062723c751e8b465ee728b)
Start importing Assets/Charecters and assets/Bikini Bottom Hub/hb01/ground_street_alpha_lt.png using Guid(55fbda075d8b2cf4584c99df15819233) Importer(815301076,1909f56bfc062723c751e8b465ee728b)  -> (artifact id: '495b6fb9fd026074dd0f4cf642698585') in 0.013413 seconds 
========================================================================
Received Import Request.
  Time since last request: 0.000025 seconds.
  path: Assets/Charecters and assets/Fish (B)/Camp/fish_b_camp_bind.obj
  artifactKey: Guid(5366de3826095374cbfff8b9ad8fb613) Importer(815301076,1909f56bfc062723c751e8b465ee728b)
Start importing Assets/Charecters and assets/Fish (B)/Camp/fish_b_camp_bind.obj using Guid(5366de3826095374cbfff8b9ad8fb613) Importer(815301076,1909f56bfc062723c751e8b465ee728b)  -> (artifact id: '1f8835f3055a9097a0409457719a9f81') in 0.026870 seconds 
========================================================================
Received Import Request.
  Time since last request: 0.000025 seconds.
  path: Assets/Charecters and assets/Bikini Bottom Hub/hb01/hb01.obj
  artifactKey: Guid(f7957c57dcdd5214f8d234f3a69b5d18) Importer(815301076,1909f56bfc062723c751e8b465ee728b)
Start importing Assets/Charecters and assets/Bikini Bottom Hub/hb01/hb01.obj using Guid(f7957c57dcdd5214f8d234f3a69b5d18) Importer(815301076,1909f56bfc062723c751e8b465ee728b)  -> (artifact id: '75c6861d7560ca43dabff46f9aa6877b') in 1.802044 seconds 
========================================================================
Received Import Request.
  Time since last request: 0.000026 seconds.
  path: Assets/Charecters and assets/Bikini Bottom Hub/hb01/cruiseshipwindow01.png
  artifactKey: Guid(cc42a40c05a08284081e4ca7cf5228ac) Importer(815301076,1909f56bfc062723c751e8b465ee728b)
Start importing Assets/Charecters and assets/Bikini Bottom Hub/hb01/cruiseshipwindow01.png using Guid(cc42a40c05a08284081e4ca7cf5228ac) Importer(815301076,1909f56bfc062723c751e8b465ee728b)  -> (artifact id: '4aecc563371b4a87d7e8f9fc7de2a9e8') in 0.015036 seconds 
========================================================================
Received Import Request.
  Time since last request: 0.000074 seconds.
  path: Assets/Charecters and assets/Bikini Bottom Hub/hb01/dumpster2.png
  artifactKey: Guid(4377e688bc3cb9c4d88d1ec167181f59) Importer(815301076,1909f56bfc062723c751e8b465ee728b)
Start importing Assets/Charecters and assets/Bikini Bottom Hub/hb01/dumpster2.png using Guid(4377e688bc3cb9c4d88d1ec167181f59) Importer(815301076,1909f56bfc062723c751e8b465ee728b)  -> (artifact id: '4b6ba19c492b8f35a05f8b202f44d37d') in 0.012376 seconds 
========================================================================
Received Import Request.
  Time since last request: 0.000020 seconds.
  path: Assets/Charecters and assets/Fish (B)/Camp/chr_fish_b_camp.png
  artifactKey: Guid(840c3834835b1984eb23b60895f867ab) Importer(815301076,1909f56bfc062723c751e8b465ee728b)
Start importing Assets/Charecters and assets/Fish (B)/Camp/chr_fish_b_camp.png using Guid(840c3834835b1984eb23b60895f867ab) Importer(815301076,1909f56bfc062723c751e8b465ee728b)  -> (artifact id: 'cbf09393a18cc5b64d0202af50cd0064') in 0.012791 seconds 
========================================================================
Received Import Request.
  Time since last request: 0.000028 seconds.
  path: Assets/Charecters and assets/Bikini Bottom Hub/hb01/cruiseshiprust.png
  artifactKey: Guid(7f3b1c1bc53f17e468fbc8441ad773f3) Importer(815301076,1909f56bfc062723c751e8b465ee728b)
Start importing Assets/Charecters and assets/Bikini Bottom Hub/hb01/cruiseshiprust.png using Guid(7f3b1c1bc53f17e468fbc8441ad773f3) Importer(815301076,1909f56bfc062723c751e8b465ee728b)  -> (artifact id: '47a9b3357bbe7badc545e222b8d7e967') in 0.009614 seconds 
========================================================================
Received Import Request.
  Time since last request: 0.000029 seconds.
  path: Assets/Charecters and assets/Gary/Gary/csm_gary_bindpose.obj
  artifactKey: Guid(6b9b4e98d7193e1449301c23825735c8) Importer(815301076,1909f56bfc062723c751e8b465ee728b)
Start importing Assets/Charecters and assets/Gary/Gary/csm_gary_bindpose.obj using Guid(6b9b4e98d7193e1449301c23825735c8) Importer(815301076,1909f56bfc062723c751e8b465ee728b)  -> (artifact id: 'b0538c984365fc4ecaefb34304a72ad5') in 0.023854 seconds 
========================================================================
Received Import Request.
  Time since last request: 0.000015 seconds.
  path: Assets/NewRifle/Sounds/ClipOut.wav
  artifactKey: Guid(eca27ecb2c59863489b98778aa2d3f29) Importer(815301076,1909f56bfc062723c751e8b465ee728b)
Start importing Assets/NewRifle/Sounds/ClipOut.wav using Guid(eca27ecb2c59863489b98778aa2d3f29) Importer(815301076,1909f56bfc062723c751e8b465ee728b)  -> (artifact id: 'e0f3a99794dfefda5aba8ede9d67235f') in 0.016596 seconds 
========================================================================
Received Import Request.
  Time since last request: 0.000022 seconds.
  path: Assets/NewPistol/Sounds/deploy.wav
  artifactKey: Guid(10a5e2a07c3ad0f47b7e6b585527253b) Importer(815301076,1909f56bfc062723c751e8b465ee728b)
Start importing Assets/NewPistol/Sounds/deploy.wav using Guid(10a5e2a07c3ad0f47b7e6b585527253b) Importer(815301076,1909f56bfc062723c751e8b465ee728b)  -> (artifact id: 'a4c5f18d02946e721f1c367fd9b05dab') in 0.016882 seconds 
========================================================================
Received Import Request.
  Time since last request: 0.000019 seconds.
  path: Assets/Charecters and assets/Bikini Bottom Hub/hb01/electrical_pole_single.png
  artifactKey: Guid(cbc1da5c6a7064f4d9844a28f27e20bd) Importer(815301076,1909f56bfc062723c751e8b465ee728b)
Start importing Assets/Charecters and assets/Bikini Bottom Hub/hb01/electrical_pole_single.png using Guid(cbc1da5c6a7064f4d9844a28f27e20bd) Importer(815301076,1909f56bfc062723c751e8b465ee728b)  -> (artifact id: '9e0217bdccd7ba725e09b5ebf7ce4d5e') in 0.008986 seconds 
========================================================================
Received Prepare
Registering precompiled user dll's ...
Registered in 0.006340 seconds.
Begin MonoManager ReloadAssembly
Symbol file LoadedFromMemory doesn't match image C:\Users\BitBin.ir\Desktop\BOB sed\Library\PackageCache\com.unity.visualscripting@1.8.0\Editor\VisualScripting.Core\Dependencies\YamlDotNet\Unity.VisualScripting.YamlDotNet.dll
Symbol file LoadedFromMemory doesn't match image C:\Users\BitBin.ir\Desktop\BOB sed\Library\PackageCache\com.unity.visualscripting@1.8.0\Editor\VisualScripting.Core\Dependencies\DotNetZip\Unity.VisualScripting.IonicZip.dll
Native extension for WindowsStandalone target not found
Native extension for iOS target not found
Native extension for Android target not found
Native extension for WebGL target not found
Refreshing native plugins compatible for Editor in 0.62 ms, found 3 plugins.
Preloading 0 native plugins for Editor in 0.00 ms.
Mono: successfully reloaded assembly
- Completed reload, in  1.143 seconds
Domain Reload Profiling:
	ReloadAssembly (1143ms)
		BeginReloadAssembly (178ms)
			ExecutionOrderSort (0ms)
			DisableScriptedObjects (6ms)
			BackupInstance (0ms)
			ReleaseScriptingObjects (0ms)
			CreateAndSetChildDomain (66ms)
		EndReloadAssembly (875ms)
			LoadAssemblies (92ms)
			RebuildTransferFunctionScriptingTraits (0ms)
			SetupTypeCache (275ms)
			ReleaseScriptCaches (1ms)
			RebuildScriptCaches (38ms)
			SetupLoadedEditorAssemblies (442ms)
				LogAssemblyErrors (0ms)
				InitializePlatformSupportModulesInManaged (26ms)
				SetLoadedEditorAssemblies (0ms)
				RefreshPlugins (1ms)
				BeforeProcessingInitializeOnLoad (58ms)
				ProcessInitializeOnLoadAttributes (336ms)
				ProcessInitializeOnLoadMethodAttributes (16ms)
				AfterProcessingInitializeOnLoad (5ms)
				EditorAssembliesLoaded (0ms)
			ExecutionOrderSort2 (0ms)
			AwakeInstancesAfterBackupRestoration (6ms)
Platform modules already initialized, skipping
Refreshing native plugins compatible for Editor in 1.86 ms, found 3 plugins.
Preloading 0 native plugins for Editor in 0.00 ms.
Unloading 3644 Unused Serialized files (Serialized files now loaded: 0)
Unloading 26 unused Assets / (47.7 KB). Loaded Objects now: 4167.
Memory consumption went from 159.7 MB to 159.7 MB.
Total: 3.360600 ms (FindLiveObjects: 0.260700 ms CreateObjectMapping: 0.175200 ms MarkObjects: 2.862700 ms  DeleteObjects: 0.061200 ms)

AssetImportParameters requested are different than current active one (requested -> active):
  custom:video-decoder-ogg-theora: a1e56fd34408186e4bbccfd4996cb3dc -> 
  custom:container-muxer-webm: aa71ff27fc2769a1b78a27578f13a17b -> 
  custom:container-demuxer-webm: 4f35f7cbe854078d1ac9338744f61a02 -> 
  custom:video-encoder-webm-vp8: eb34c28f22e8b96e1ab97ce403110664 -> 
  custom:video-codec-MediaFoundation-h265: 746d11721c4dcdbdad8f713fa42b33f4 -> 
  custom:audio-encoder-webm-vorbis: bf7c407c2cedff20999df2af8eb42d56 -> 
  custom:framework-win-MediaFoundation: 216162199b28c13a410421893ffa2e32 -> 
  custom:container-demuxer-ogg: 62fdf1f143b41e24485cea50d1cbac27 -> 
  custom:video-decoder-webm-vp8: 9c59270c3fd7afecdb556c50c9e8de78 -> 
  custom:audio-decoder-ogg-vorbis: bf7c407c2cedff20999df2af8eb42d56 -> 
========================================================================
Received Prepare
Registering precompiled user dll's ...
Registered in 0.005915 seconds.
Begin MonoManager ReloadAssembly
Symbol file LoadedFromMemory doesn't match image C:\Users\BitBin.ir\Desktop\BOB sed\Library\PackageCache\com.unity.visualscripting@1.8.0\Editor\VisualScripting.Core\Dependencies\YamlDotNet\Unity.VisualScripting.YamlDotNet.dll
Symbol file LoadedFromMemory doesn't match image C:\Users\BitBin.ir\Desktop\BOB sed\Library\PackageCache\com.unity.visualscripting@1.8.0\Editor\VisualScripting.Core\Dependencies\DotNetZip\Unity.VisualScripting.IonicZip.dll
Native extension for WindowsStandalone target not found
Native extension for iOS target not found
Native extension for Android target not found
Native extension for WebGL target not found
Refreshing native plugins compatible for Editor in 0.62 ms, found 3 plugins.
Preloading 0 native plugins for Editor in 0.00 ms.
Mono: successfully reloaded assembly
- Completed reload, in  1.193 seconds
Domain Reload Profiling:
	ReloadAssembly (1194ms)
		BeginReloadAssembly (132ms)
			ExecutionOrderSort (0ms)
			DisableScriptedObjects (5ms)
			BackupInstance (0ms)
			ReleaseScriptingObjects (0ms)
			CreateAndSetChildDomain (33ms)
		EndReloadAssembly (966ms)
			LoadAssemblies (89ms)
			RebuildTransferFunctionScriptingTraits (0ms)
			SetupTypeCache (290ms)
			ReleaseScriptCaches (2ms)
			RebuildScriptCaches (39ms)
			SetupLoadedEditorAssemblies (507ms)
				LogAssemblyErrors (0ms)
				InitializePlatformSupportModulesInManaged (27ms)
				SetLoadedEditorAssemblies (0ms)
				RefreshPlugins (1ms)
				BeforeProcessingInitializeOnLoad (59ms)
				ProcessInitializeOnLoadAttributes (399ms)
				ProcessInitializeOnLoadMethodAttributes (16ms)
				AfterProcessingInitializeOnLoad (5ms)
				EditorAssembliesLoaded (0ms)
			ExecutionOrderSort2 (0ms)
			AwakeInstancesAfterBackupRestoration (6ms)
Platform modules already initialized, skipping
Refreshing native plugins compatible for Editor in 1.82 ms, found 3 plugins.
Preloading 0 native plugins for Editor in 0.00 ms.
Unloading 3645 Unused Serialized files (Serialized files now loaded: 0)
Unloading 26 unused Assets / (47.5 KB). Loaded Objects now: 4172.
Memory consumption went from 159.7 MB to 159.7 MB.
Total: 2.901100 ms (FindLiveObjects: 0.261900 ms CreateObjectMapping: 0.162200 ms MarkObjects: 2.414800 ms  DeleteObjects: 0.061300 ms)

AssetImportParameters requested are different than current active one (requested -> active):
  custom:video-decoder-ogg-theora: a1e56fd34408186e4bbccfd4996cb3dc -> 
  custom:container-muxer-webm: aa71ff27fc2769a1b78a27578f13a17b -> 
  custom:container-demuxer-webm: 4f35f7cbe854078d1ac9338744f61a02 -> 
  custom:video-encoder-webm-vp8: eb34c28f22e8b96e1ab97ce403110664 -> 
  custom:video-codec-MediaFoundation-h265: 746d11721c4dcdbdad8f713fa42b33f4 -> 
  custom:audio-encoder-webm-vorbis: bf7c407c2cedff20999df2af8eb42d56 -> 
  custom:framework-win-MediaFoundation: 216162199b28c13a410421893ffa2e32 -> 
  custom:container-demuxer-ogg: 62fdf1f143b41e24485cea50d1cbac27 -> 
  custom:video-decoder-webm-vp8: 9c59270c3fd7afecdb556c50c9e8de78 -> 
  custom:audio-decoder-ogg-vorbis: bf7c407c2cedff20999df2af8eb42d56 -> 
========================================================================
Received Import Request.
  Time since last request: 134.569308 seconds.
  path: Assets/Scenes/Bob.unity
  artifactKey: Guid(9fc0d4010bbf28b4594072e72b8655ab) Importer(815301076,1909f56bfc062723c751e8b465ee728b)
Start importing Assets/Scenes/Bob.unity using Guid(9fc0d4010bbf28b4594072e72b8655ab) Importer(815301076,1909f56bfc062723c751e8b465ee728b)  -> (artifact id: '0b404e2f0502900a7803eeb4b8754111') in 0.014740 seconds 
========================================================================
Received Import Request.
  Time since last request: 41.245542 seconds.
  path: Assets/Scenes/ServerConect.unity
  artifactKey: Guid(c495be91533813646930885a81017479) Importer(815301076,1909f56bfc062723c751e8b465ee728b)
Start importing Assets/Scenes/ServerConect.unity using Guid(c495be91533813646930885a81017479) Importer(815301076,1909f56bfc062723c751e8b465ee728b)  -> (artifact id: '4567fc6cd6805926d7c78263fbaf09e0') in 0.009206 seconds 
========================================================================
Received Prepare
Registering precompiled user dll's ...
Registered in 0.006851 seconds.
Begin MonoManager ReloadAssembly
Symbol file LoadedFromMemory doesn't match image C:\Users\BitBin.ir\Desktop\BOB sed\Library\PackageCache\com.unity.visualscripting@1.8.0\Editor\VisualScripting.Core\Dependencies\YamlDotNet\Unity.VisualScripting.YamlDotNet.dll
Symbol file LoadedFromMemory doesn't match image C:\Users\BitBin.ir\Desktop\BOB sed\Library\PackageCache\com.unity.visualscripting@1.8.0\Editor\VisualScripting.Core\Dependencies\DotNetZip\Unity.VisualScripting.IonicZip.dll
Native extension for WindowsStandalone target not found
Native extension for iOS target not found
Native extension for Android target not found
Native extension for WebGL target not found
Refreshing native plugins compatible for Editor in 1.23 ms, found 3 plugins.
Preloading 0 native plugins for Editor in 0.00 ms.
Mono: successfully reloaded assembly
- Completed reload, in  1.411 seconds
Domain Reload Profiling:
	ReloadAssembly (1411ms)
		BeginReloadAssembly (155ms)
			ExecutionOrderSort (0ms)
			DisableScriptedObjects (6ms)
			BackupInstance (0ms)
			ReleaseScriptingObjects (0ms)
			CreateAndSetChildDomain (44ms)
		EndReloadAssembly (1137ms)
			LoadAssemblies (100ms)
			RebuildTransferFunctionScriptingTraits (0ms)
			SetupTypeCache (384ms)
			ReleaseScriptCaches (2ms)
			RebuildScriptCaches (53ms)
			SetupLoadedEditorAssemblies (534ms)
				LogAssemblyErrors (0ms)
				InitializePlatformSupportModulesInManaged (38ms)
				SetLoadedEditorAssemblies (1ms)
				RefreshPlugins (1ms)
				BeforeProcessingInitializeOnLoad (77ms)
				ProcessInitializeOnLoadAttributes (392ms)
				ProcessInitializeOnLoadMethodAttributes (18ms)
				AfterProcessingInitializeOnLoad (6ms)
				EditorAssembliesLoaded (0ms)
			ExecutionOrderSort2 (0ms)
			AwakeInstancesAfterBackupRestoration (8ms)
Platform modules already initialized, skipping
Refreshing native plugins compatible for Editor in 3.63 ms, found 3 plugins.
Preloading 0 native plugins for Editor in 0.00 ms.
Unloading 3645 Unused Serialized files (Serialized files now loaded: 0)
Unloading 26 unused Assets / (47.6 KB). Loaded Objects now: 4176.
Memory consumption went from 159.8 MB to 159.7 MB.
Total: 3.103300 ms (FindLiveObjects: 0.270600 ms CreateObjectMapping: 0.220600 ms MarkObjects: 2.545200 ms  DeleteObjects: 0.065900 ms)

AssetImportParameters requested are different than current active one (requested -> active):
  custom:video-decoder-ogg-theora: a1e56fd34408186e4bbccfd4996cb3dc -> 
  custom:container-muxer-webm: aa71ff27fc2769a1b78a27578f13a17b -> 
  custom:container-demuxer-webm: 4f35f7cbe854078d1ac9338744f61a02 -> 
  custom:video-encoder-webm-vp8: eb34c28f22e8b96e1ab97ce403110664 -> 
  custom:video-codec-MediaFoundation-h265: 746d11721c4dcdbdad8f713fa42b33f4 -> 
  custom:audio-encoder-webm-vorbis: bf7c407c2cedff20999df2af8eb42d56 -> 
  custom:framework-win-MediaFoundation: 216162199b28c13a410421893ffa2e32 -> 
  custom:container-demuxer-ogg: 62fdf1f143b41e24485cea50d1cbac27 -> 
  custom:video-decoder-webm-vp8: 9c59270c3fd7afecdb556c50c9e8de78 -> 
  custom:audio-decoder-ogg-vorbis: bf7c407c2cedff20999df2af8eb42d56 -> 
========================================================================
Received Import Request.
  Time since last request: 183.627674 seconds.
  path: Assets/Scenes/ServerConect.unity
  artifactKey: Guid(c495be91533813646930885a81017479) Importer(815301076,1909f56bfc062723c751e8b465ee728b)
Start importing Assets/Scenes/ServerConect.unity using Guid(c495be91533813646930885a81017479) Importer(815301076,1909f56bfc062723c751e8b465ee728b)  -> (artifact id: '794f432987b9e3759aaedf349de4e44d') in 0.017509 seconds 
========================================================================
Received Import Request.
  Time since last request: 1.490785 seconds.
  path: Assets/Scenes/Bob.unity
  artifactKey: Guid(9fc0d4010bbf28b4594072e72b8655ab) Importer(815301076,1909f56bfc062723c751e8b465ee728b)
Start importing Assets/Scenes/Bob.unity using Guid(9fc0d4010bbf28b4594072e72b8655ab) Importer(815301076,1909f56bfc062723c751e8b465ee728b)  -> (artifact id: '4b9d5318df23cd80200aa45b721edbc1') in 0.002787 seconds 
========================================================================
Received Prepare
Registering precompiled user dll's ...
Registered in 0.006912 seconds.
Begin MonoManager ReloadAssembly
Symbol file LoadedFromMemory doesn't match image C:\Users\BitBin.ir\Desktop\BOB sed\Library\PackageCache\com.unity.visualscripting@1.8.0\Editor\VisualScripting.Core\Dependencies\YamlDotNet\Unity.VisualScripting.YamlDotNet.dll
Symbol file LoadedFromMemory doesn't match image C:\Users\BitBin.ir\Desktop\BOB sed\Library\PackageCache\com.unity.visualscripting@1.8.0\Editor\VisualScripting.Core\Dependencies\DotNetZip\Unity.VisualScripting.IonicZip.dll
Native extension for WindowsStandalone target not found
Native extension for iOS target not found
Native extension for Android target not found
Native extension for WebGL target not found
Refreshing native plugins compatible for Editor in 0.71 ms, found 3 plugins.
Preloading 0 native plugins for Editor in 0.00 ms.
Mono: successfully reloaded assembly
- Completed reload, in  1.335 seconds
Domain Reload Profiling:
	ReloadAssembly (1336ms)
		BeginReloadAssembly (165ms)
			ExecutionOrderSort (0ms)
			DisableScriptedObjects (6ms)
			BackupInstance (0ms)
			ReleaseScriptingObjects (0ms)
			CreateAndSetChildDomain (46ms)
		EndReloadAssembly (1039ms)
			LoadAssemblies (116ms)
			RebuildTransferFunctionScriptingTraits (0ms)
			SetupTypeCache (360ms)
			ReleaseScriptCaches (1ms)
			RebuildScriptCaches (41ms)
			SetupLoadedEditorAssemblies (493ms)
				LogAssemblyErrors (0ms)
				InitializePlatformSupportModulesInManaged (29ms)
				SetLoadedEditorAssemblies (0ms)
				RefreshPlugins (1ms)
				BeforeProcessingInitializeOnLoad (68ms)
				ProcessInitializeOnLoadAttributes (372ms)
				ProcessInitializeOnLoadMethodAttributes (17ms)
				AfterProcessingInitializeOnLoad (5ms)
				EditorAssembliesLoaded (0ms)
			ExecutionOrderSort2 (0ms)
			AwakeInstancesAfterBackupRestoration (8ms)
Platform modules already initialized, skipping
Refreshing native plugins compatible for Editor in 2.05 ms, found 3 plugins.
Preloading 0 native plugins for Editor in 0.00 ms.
Unloading 3645 Unused Serialized files (Serialized files now loaded: 0)
Unloading 26 unused Assets / (47.6 KB). Loaded Objects now: 4180.
Memory consumption went from 159.8 MB to 159.7 MB.
Total: 3.066100 ms (FindLiveObjects: 0.274600 ms CreateObjectMapping: 0.198100 ms MarkObjects: 2.527000 ms  DeleteObjects: 0.065500 ms)

AssetImportParameters requested are different than current active one (requested -> active):
  custom:video-decoder-ogg-theora: a1e56fd34408186e4bbccfd4996cb3dc -> 
  custom:container-muxer-webm: aa71ff27fc2769a1b78a27578f13a17b -> 
  custom:container-demuxer-webm: 4f35f7cbe854078d1ac9338744f61a02 -> 
  custom:video-encoder-webm-vp8: eb34c28f22e8b96e1ab97ce403110664 -> 
  custom:video-codec-MediaFoundation-h265: 746d11721c4dcdbdad8f713fa42b33f4 -> 
  custom:audio-encoder-webm-vorbis: bf7c407c2cedff20999df2af8eb42d56 -> 
  custom:framework-win-MediaFoundation: 216162199b28c13a410421893ffa2e32 -> 
  custom:container-demuxer-ogg: 62fdf1f143b41e24485cea50d1cbac27 -> 
  custom:video-decoder-webm-vp8: 9c59270c3fd7afecdb556c50c9e8de78 -> 
  custom:audio-decoder-ogg-vorbis: bf7c407c2cedff20999df2af8eb42d56 -> 
========================================================================
Received Import Request.
  Time since last request: 217.056227 seconds.
  path: Assets/Player Model Animation/bob.fbx
  artifactKey: Guid(51af19b974548d14cab1e89a1594a105) Importer(815301076,1909f56bfc062723c751e8b465ee728b)
Start importing Assets/Player Model Animation/bob.fbx using Guid(51af19b974548d14cab1e89a1594a105) Importer(815301076,1909f56bfc062723c751e8b465ee728b)  -> (artifact id: '8a31f6310b18d4e444b5348442282b5f') in 0.090234 seconds 
========================================================================
Received Import Request.
  Time since last request: 0.000066 seconds.
  path: Assets/Charecters and assets/Bikini Bottom Hub/hb01/bb_lodtexture.png
  artifactKey: Guid(d0ee297c71f64d841be51f717e47c28b) Importer(815301076,1909f56bfc062723c751e8b465ee728b)
Start importing Assets/Charecters and assets/Bikini Bottom Hub/hb01/bb_lodtexture.png using Guid(d0ee297c71f64d841be51f717e47c28b) Importer(815301076,1909f56bfc062723c751e8b465ee728b)  -> (artifact id: '6112342349d20d6cffea1bab4bc3f6f9') in 0.016660 seconds 
========================================================================
Received Import Request.
  Time since last request: 0.000032 seconds.
  path: Assets/Photon/Photon Unity Networking/Demos/DemoBoxes/Resources/BoxPrefab.prefab
  artifactKey: Guid(0c55a789949849840bb994e514e8fa71) Importer(815301076,1909f56bfc062723c751e8b465ee728b)
Start importing Assets/Photon/Photon Unity Networking/Demos/DemoBoxes/Resources/BoxPrefab.prefab using Guid(0c55a789949849840bb994e514e8fa71) Importer(815301076,1909f56bfc062723c751e8b465ee728b)  -> (artifact id: 'aa15c0a11ec7e4e52ec8b1cb70dd0f0d') in 0.127034 seconds 
========================================================================
Received Import Request.
  Time since last request: 0.000016 seconds.
  path: Assets/Charecters and assets/Bikini Bottom Hub/hb01/bb_lodtexture_02.png
  artifactKey: Guid(4751680a122985944934b5168a961b56) Importer(815301076,1909f56bfc062723c751e8b465ee728b)
Start importing Assets/Charecters and assets/Bikini Bottom Hub/hb01/bb_lodtexture_02.png using Guid(4751680a122985944934b5168a961b56) Importer(815301076,1909f56bfc062723c751e8b465ee728b)  -> (artifact id: 'd9f5938a44ee82c558d32aa01c315dc5') in 0.014620 seconds 
========================================================================
Received Import Request.
  Time since last request: 0.000014 seconds.
  path: Assets/Photon/Photon Unity Networking/Demos/Shared Assets/Prefabs/UI/Button Regular.prefab
  artifactKey: Guid(4f826638dd73749d88747935ea56c522) Importer(815301076,1909f56bfc062723c751e8b465ee728b)
Start importing Assets/Photon/Photon Unity Networking/Demos/Shared Assets/Prefabs/UI/Button Regular.prefab using Guid(4f826638dd73749d88747935ea56c522) Importer(815301076,1909f56bfc062723c751e8b465ee728b)  -> (artifact id: '98bf81f8ad212ed5b0a3c1fc8e429f42') in 0.018847 seconds 
========================================================================
Received Import Request.
  Time since last request: 0.000055 seconds.
  path: Assets/Charecters and assets/Bikini Bottom Hub/hb01/bamboo_furniture.png
  artifactKey: Guid(15a8fc7711cdf59498a3cb91f1712d17) Importer(815301076,1909f56bfc062723c751e8b465ee728b)
Start importing Assets/Charecters and assets/Bikini Bottom Hub/hb01/bamboo_furniture.png using Guid(15a8fc7711cdf59498a3cb91f1712d17) Importer(815301076,1909f56bfc062723c751e8b465ee728b)  -> (artifact id: '42873cd28bf6bac01c528fa03ee56f6f') in 0.012457 seconds 
========================================================================
Received Import Request.
  Time since last request: 0.000019 seconds.
  path: Assets/Charecters and assets/Bikini Bottom Hub/hb01/building_grey3.png
  artifactKey: Guid(16abb36c41d9bf346af0a60e58e002cd) Importer(815301076,1909f56bfc062723c751e8b465ee728b)
Start importing Assets/Charecters and assets/Bikini Bottom Hub/hb01/building_grey3.png using Guid(16abb36c41d9bf346af0a60e58e002cd) Importer(815301076,1909f56bfc062723c751e8b465ee728b)  -> (artifact id: '97726a0f1a87ecfbea6a71e6e3a1c1f5') in 0.017663 seconds 
========================================================================
Received Import Request.
  Time since last request: 0.000021 seconds.
  path: Assets/Photon/Photon Unity Networking/Demos/DemoBoxes/Resources/BoxFlashPrefab.prefab
  artifactKey: Guid(fe06072e9e7fcb9478ad9b1e843e9148) Importer(815301076,1909f56bfc062723c751e8b465ee728b)
Start importing Assets/Photon/Photon Unity Networking/Demos/DemoBoxes/Resources/BoxFlashPrefab.prefab using Guid(fe06072e9e7fcb9478ad9b1e843e9148) Importer(815301076,1909f56bfc062723c751e8b465ee728b)  -> (artifact id: '29e34b0ab8d03a241f9e9814a419277d') in 0.064437 seconds 
========================================================================
Received Import Request.
  Time since last request: 0.000021 seconds.
  path: Assets/Photon/Photon Unity Networking/Demos/Shared Assets/Skin/BoxOrangeRed.png
  artifactKey: Guid(72708a25103c3fe4f9074f7296e86b7a) Importer(815301076,1909f56bfc062723c751e8b465ee728b)
Start importing Assets/Photon/Photon Unity Networking/Demos/Shared Assets/Skin/BoxOrangeRed.png using Guid(72708a25103c3fe4f9074f7296e86b7a) Importer(815301076,1909f56bfc062723c751e8b465ee728b)  -> (artifact id: '91eead01af49525c35b225cfff6571b0') in 0.012117 seconds 
========================================================================
Received Import Request.
  Time since last request: 0.358347 seconds.
  path: Assets/Charecters and assets/Bikini Bottom Hub/hb01/gy_lodtextures.png
  artifactKey: Guid(ad2c6342c7811a94d8eed48f118c33bf) Importer(815301076,1909f56bfc062723c751e8b465ee728b)
Start importing Assets/Charecters and assets/Bikini Bottom Hub/hb01/gy_lodtextures.png using Guid(ad2c6342c7811a94d8eed48f118c33bf) Importer(815301076,1909f56bfc062723c751e8b465ee728b)  -> (artifact id: 'defeb8425a636793d2c9dc51d1cf47f8') in 0.016745 seconds 
========================================================================
Received Import Request.
  Time since last request: 0.000020 seconds.
  path: Assets/Photon/Photon Unity Networking/Demos/DemoRockPaperScissors/Assets/IconResultWin.png
  artifactKey: Guid(3214282c1b4644f4fa39f146ab71066d) Importer(815301076,1909f56bfc062723c751e8b465ee728b)
Start importing Assets/Photon/Photon Unity Networking/Demos/DemoRockPaperScissors/Assets/IconResultWin.png using Guid(3214282c1b4644f4fa39f146ab71066d) Importer(815301076,1909f56bfc062723c751e8b465ee728b)  -> (artifact id: '880a0131819a11893a341634391b962a') in 0.033890 seconds 
========================================================================
Received Import Request.
  Time since last request: 0.000020 seconds.
  path: Assets/Charecters and assets/Bikini Bottom Hub/hb01/kf_lodtextures_fringes.png
  artifactKey: Guid(465182d3d999ec14f921921a79ba8ee6) Importer(815301076,1909f56bfc062723c751e8b465ee728b)
Start importing Assets/Charecters and assets/Bikini Bottom Hub/hb01/kf_lodtextures_fringes.png using Guid(465182d3d999ec14f921921a79ba8ee6) Importer(815301076,1909f56bfc062723c751e8b465ee728b)  -> (artifact id: '93e5748cb4ec60e71d8ccfb2174e51ee') in 0.014932 seconds 
========================================================================
Received Import Request.
  Time since last request: 0.000078 seconds.
  path: Assets/Photon/Photon Unity Networking/Demos/DemoRockPaperScissors/Assets/IconResultDraw.png
  artifactKey: Guid(f6910fb0d222b0d4b85db3cae6028924) Importer(815301076,1909f56bfc062723c751e8b465ee728b)
Start importing Assets/Photon/Photon Unity Networking/Demos/DemoRockPaperScissors/Assets/IconResultDraw.png using Guid(f6910fb0d222b0d4b85db3cae6028924) Importer(815301076,1909f56bfc062723c751e8b465ee728b)  -> (artifact id: '6a87d0b17b87b6edb520b2671ecde253') in 0.020491 seconds 
========================================================================
Received Import Request.
  Time since last request: 0.000024 seconds.
  path: Assets/Photon/Photon Unity Networking/Demos/DemoRockPaperScissors/Assets/IconResultLoose.png
  artifactKey: Guid(4fe8df95a3eb9254ca5bed23f34b37fd) Importer(815301076,1909f56bfc062723c751e8b465ee728b)
Start importing Assets/Photon/Photon Unity Networking/Demos/DemoRockPaperScissors/Assets/IconResultLoose.png using Guid(4fe8df95a3eb9254ca5bed23f34b37fd) Importer(815301076,1909f56bfc062723c751e8b465ee728b)  -> (artifact id: '11c8fedd8a29d067abc8a14abe696adf') in 0.026434 seconds 
========================================================================
Received Import Request.
  Time since last request: 0.000022 seconds.
  path: Assets/Charecters and assets/Bikini Bottom Hub/hb01/kelp_forest_sign01.png
  artifactKey: Guid(17a5bf86e63d8f3498182e03b56be628) Importer(815301076,1909f56bfc062723c751e8b465ee728b)
Start importing Assets/Charecters and assets/Bikini Bottom Hub/hb01/kelp_forest_sign01.png using Guid(17a5bf86e63d8f3498182e03b56be628) Importer(815301076,1909f56bfc062723c751e8b465ee728b)  -> (artifact id: 'ba846a453b8d6a1fa47cf24a8b25156a') in 0.016145 seconds 
========================================================================
Received Import Request.
  Time since last request: 2.532226 seconds.
  path: Assets/Photon/Photon Unity Networking/Resources
  artifactKey: Guid(eb32c59972dc015419c3c7057b499434) Importer(815301076,1909f56bfc062723c751e8b465ee728b)
Start importing Assets/Photon/Photon Unity Networking/Resources using Guid(eb32c59972dc015419c3c7057b499434) Importer(815301076,1909f56bfc062723c751e8b465ee728b)  -> (artifact id: 'fa8dcee511b3d1daf8dcf64770e78cc5') in 0.008119 seconds 
========================================================================
Received Import Request.
  Time since last request: 0.036826 seconds.
  path: Assets/Photon/Photon Unity Networking/Resources/PhotonServerSettings.asset
  artifactKey: Guid(7b193d7cf02707e468233e291730dea3) Importer(815301076,1909f56bfc062723c751e8b465ee728b)
Start importing Assets/Photon/Photon Unity Networking/Resources/PhotonServerSettings.asset using Guid(7b193d7cf02707e468233e291730dea3) Importer(815301076,1909f56bfc062723c751e8b465ee728b)  -> (artifact id: 'c9b626b494c7efc4f03fafa00f10e4ec') in 0.009467 seconds 
========================================================================
Received Import Request.
  Time since last request: 26.241675 seconds.
  path: Assets/Photon/Photon Unity Networking/Resources/PhotonServerSettings.asset
  artifactKey: Guid(7b193d7cf02707e468233e291730dea3) Importer(815301076,1909f56bfc062723c751e8b465ee728b)
Start importing Assets/Photon/Photon Unity Networking/Resources/PhotonServerSettings.asset using Guid(7b193d7cf02707e468233e291730dea3) Importer(815301076,1909f56bfc062723c751e8b465ee728b)  -> (artifact id: '7b8c6ab33603ad9e4c6576223510b2e1') in 0.003062 seconds 
========================================================================
Received Prepare
Registering precompiled user dll's ...
Registered in 0.006172 seconds.
Begin MonoManager ReloadAssembly
Symbol file LoadedFromMemory doesn't match image C:\Users\BitBin.ir\Desktop\BOB sed\Library\PackageCache\com.unity.visualscripting@1.8.0\Editor\VisualScripting.Core\Dependencies\YamlDotNet\Unity.VisualScripting.YamlDotNet.dll
Symbol file LoadedFromMemory doesn't match image C:\Users\BitBin.ir\Desktop\BOB sed\Library\PackageCache\com.unity.visualscripting@1.8.0\Editor\VisualScripting.Core\Dependencies\DotNetZip\Unity.VisualScripting.IonicZip.dll
Native extension for WindowsStandalone target not found
Native extension for iOS target not found
Native extension for Android target not found
Native extension for WebGL target not found
Refreshing native plugins compatible for Editor in 1.11 ms, found 3 plugins.
Preloading 0 native plugins for Editor in 0.00 ms.
Mono: successfully reloaded assembly
- Completed reload, in  1.354 seconds
Domain Reload Profiling:
	ReloadAssembly (1355ms)
		BeginReloadAssembly (135ms)
			ExecutionOrderSort (0ms)
			DisableScriptedObjects (5ms)
			BackupInstance (0ms)
			ReleaseScriptingObjects (0ms)
			CreateAndSetChildDomain (37ms)
		EndReloadAssembly (1121ms)
			LoadAssemblies (98ms)
			RebuildTransferFunctionScriptingTraits (0ms)
			SetupTypeCache (338ms)
			ReleaseScriptCaches (1ms)
			RebuildScriptCaches (52ms)
			SetupLoadedEditorAssemblies (571ms)
				LogAssemblyErrors (0ms)
				InitializePlatformSupportModulesInManaged (33ms)
				SetLoadedEditorAssemblies (1ms)
				RefreshPlugins (1ms)
				BeforeProcessingInitializeOnLoad (86ms)
				ProcessInitializeOnLoadAttributes (425ms)
				ProcessInitializeOnLoadMethodAttributes (20ms)
				AfterProcessingInitializeOnLoad (6ms)
				EditorAssembliesLoaded (0ms)
			ExecutionOrderSort2 (0ms)
			AwakeInstancesAfterBackupRestoration (14ms)
Platform modules already initialized, skipping
Refreshing native plugins compatible for Editor in 2.27 ms, found 3 plugins.
Preloading 0 native plugins for Editor in 0.00 ms.
Unloading 3645 Unused Serialized files (Serialized files now loaded: 0)
Unloading 26 unused Assets / (47.7 KB). Loaded Objects now: 4190.
Memory consumption went from 160.1 MB to 160.1 MB.
Total: 4.479700 ms (FindLiveObjects: 0.558500 ms CreateObjectMapping: 0.307700 ms MarkObjects: 3.496600 ms  DeleteObjects: 0.114000 ms)

AssetImportParameters requested are different than current active one (requested -> active):
  custom:video-decoder-ogg-theora: a1e56fd34408186e4bbccfd4996cb3dc -> 
  custom:container-muxer-webm: aa71ff27fc2769a1b78a27578f13a17b -> 
  custom:container-demuxer-webm: 4f35f7cbe854078d1ac9338744f61a02 -> 
  custom:video-encoder-webm-vp8: eb34c28f22e8b96e1ab97ce403110664 -> 
  custom:video-codec-MediaFoundation-h265: 746d11721c4dcdbdad8f713fa42b33f4 -> 
  custom:audio-encoder-webm-vorbis: bf7c407c2cedff20999df2af8eb42d56 -> 
  custom:framework-win-MediaFoundation: 216162199b28c13a410421893ffa2e32 -> 
  custom:container-demuxer-ogg: 62fdf1f143b41e24485cea50d1cbac27 -> 
  custom:video-decoder-webm-vp8: 9c59270c3fd7afecdb556c50c9e8de78 -> 
  custom:audio-decoder-ogg-vorbis: bf7c407c2cedff20999df2af8eb42d56 -> 
========================================================================
Received Prepare
Registering precompiled user dll's ...
Registered in 0.006181 seconds.
Begin MonoManager ReloadAssembly
Symbol file LoadedFromMemory doesn't match image C:\Users\BitBin.ir\Desktop\BOB sed\Library\PackageCache\com.unity.visualscripting@1.8.0\Editor\VisualScripting.Core\Dependencies\YamlDotNet\Unity.VisualScripting.YamlDotNet.dll
Symbol file LoadedFromMemory doesn't match image C:\Users\BitBin.ir\Desktop\BOB sed\Library\PackageCache\com.unity.visualscripting@1.8.0\Editor\VisualScripting.Core\Dependencies\DotNetZip\Unity.VisualScripting.IonicZip.dll
Native extension for WindowsStandalone target not found
Native extension for iOS target not found
Native extension for Android target not found
Native extension for WebGL target not found
Refreshing native plugins compatible for Editor in 1.36 ms, found 3 plugins.
Preloading 0 native plugins for Editor in 0.00 ms.
Mono: successfully reloaded assembly
- Completed reload, in  1.570 seconds
Domain Reload Profiling:
	ReloadAssembly (1571ms)
		BeginReloadAssembly (137ms)
			ExecutionOrderSort (0ms)
			DisableScriptedObjects (5ms)
			BackupInstance (0ms)
			ReleaseScriptingObjects (0ms)
			CreateAndSetChildDomain (34ms)
		EndReloadAssembly (1337ms)
			LoadAssemblies (92ms)
			RebuildTransferFunctionScriptingTraits (0ms)
			SetupTypeCache (351ms)
			ReleaseScriptCaches (2ms)
			RebuildScriptCaches (62ms)
			SetupLoadedEditorAssemblies (758ms)
				LogAssemblyErrors (0ms)
				InitializePlatformSupportModulesInManaged (40ms)
				SetLoadedEditorAssemblies (1ms)
				RefreshPlugins (2ms)
				BeforeProcessingInitializeOnLoad (117ms)
				ProcessInitializeOnLoadAttributes (571ms)
				ProcessInitializeOnLoadMethodAttributes (21ms)
				AfterProcessingInitializeOnLoad (6ms)
				EditorAssembliesLoaded (0ms)
			ExecutionOrderSort2 (0ms)
			AwakeInstancesAfterBackupRestoration (12ms)
Platform modules already initialized, skipping
Refreshing native plugins compatible for Editor in 2.45 ms, found 3 plugins.
Preloading 0 native plugins for Editor in 0.00 ms.
Unloading 3645 Unused Serialized files (Serialized files now loaded: 0)
Unloading 26 unused Assets / (47.9 KB). Loaded Objects now: 4194.
Memory consumption went from 160.1 MB to 160.1 MB.
Total: 3.882800 ms (FindLiveObjects: 0.370900 ms CreateObjectMapping: 0.280000 ms MarkObjects: 3.128300 ms  DeleteObjects: 0.102200 ms)

AssetImportParameters requested are different than current active one (requested -> active):
  custom:video-decoder-ogg-theora: a1e56fd34408186e4bbccfd4996cb3dc -> 
  custom:container-muxer-webm: aa71ff27fc2769a1b78a27578f13a17b -> 
  custom:container-demuxer-webm: 4f35f7cbe854078d1ac9338744f61a02 -> 
  custom:video-encoder-webm-vp8: eb34c28f22e8b96e1ab97ce403110664 -> 
  custom:video-codec-MediaFoundation-h265: 746d11721c4dcdbdad8f713fa42b33f4 -> 
  custom:audio-encoder-webm-vorbis: bf7c407c2cedff20999df2af8eb42d56 -> 
  custom:framework-win-MediaFoundation: 216162199b28c13a410421893ffa2e32 -> 
  custom:container-demuxer-ogg: 62fdf1f143b41e24485cea50d1cbac27 -> 
  custom:video-decoder-webm-vp8: 9c59270c3fd7afecdb556c50c9e8de78 -> 
  custom:audio-decoder-ogg-vorbis: bf7c407c2cedff20999df2af8eb42d56 -> 
========================================================================
Received Prepare
Registering precompiled user dll's ...
Registered in 0.006191 seconds.
Begin MonoManager ReloadAssembly
Symbol file LoadedFromMemory doesn't match image C:\Users\BitBin.ir\Desktop\BOB sed\Library\PackageCache\com.unity.visualscripting@1.8.0\Editor\VisualScripting.Core\Dependencies\YamlDotNet\Unity.VisualScripting.YamlDotNet.dll
Symbol file LoadedFromMemory doesn't match image C:\Users\BitBin.ir\Desktop\BOB sed\Library\PackageCache\com.unity.visualscripting@1.8.0\Editor\VisualScripting.Core\Dependencies\DotNetZip\Unity.VisualScripting.IonicZip.dll
Native extension for WindowsStandalone target not found
Native extension for iOS target not found
Native extension for Android target not found
Native extension for WebGL target not found
Refreshing native plugins compatible for Editor in 0.83 ms, found 3 plugins.
Preloading 0 native plugins for Editor in 0.00 ms.
Mono: successfully reloaded assembly
- Completed reload, in  1.419 seconds
Domain Reload Profiling:
	ReloadAssembly (1420ms)
		BeginReloadAssembly (144ms)
			ExecutionOrderSort (0ms)
			DisableScriptedObjects (6ms)
			BackupInstance (0ms)
			ReleaseScriptingObjects (0ms)
			CreateAndSetChildDomain (35ms)
		EndReloadAssembly (1170ms)
			LoadAssemblies (104ms)
			RebuildTransferFunctionScriptingTraits (0ms)
			SetupTypeCache (342ms)
			ReleaseScriptCaches (2ms)
			RebuildScriptCaches (60ms)
			SetupLoadedEditorAssemblies (596ms)
				LogAssemblyErrors (0ms)
				InitializePlatformSupportModulesInManaged (35ms)
				SetLoadedEditorAssemblies (1ms)
				RefreshPlugins (1ms)
				BeforeProcessingInitializeOnLoad (72ms)
				ProcessInitializeOnLoadAttributes (458ms)
				ProcessInitializeOnLoadMethodAttributes (23ms)
				AfterProcessingInitializeOnLoad (7ms)
				EditorAssembliesLoaded (0ms)
			ExecutionOrderSort2 (0ms)
			AwakeInstancesAfterBackupRestoration (15ms)
Platform modules already initialized, skipping
Refreshing native plugins compatible for Editor in 2.55 ms, found 3 plugins.
Preloading 0 native plugins for Editor in 0.00 ms.
Unloading 3645 Unused Serialized files (Serialized files now loaded: 0)
Unloading 26 unused Assets / (48.9 KB). Loaded Objects now: 4198.
Memory consumption went from 160.1 MB to 160.1 MB.
Total: 4.247800 ms (FindLiveObjects: 0.357900 ms CreateObjectMapping: 0.525200 ms MarkObjects: 3.230600 ms  DeleteObjects: 0.132700 ms)

AssetImportParameters requested are different than current active one (requested -> active):
  custom:video-decoder-ogg-theora: a1e56fd34408186e4bbccfd4996cb3dc -> 
  custom:container-muxer-webm: aa71ff27fc2769a1b78a27578f13a17b -> 
  custom:container-demuxer-webm: 4f35f7cbe854078d1ac9338744f61a02 -> 
  custom:video-encoder-webm-vp8: eb34c28f22e8b96e1ab97ce403110664 -> 
  custom:video-codec-MediaFoundation-h265: 746d11721c4dcdbdad8f713fa42b33f4 -> 
  custom:audio-encoder-webm-vorbis: bf7c407c2cedff20999df2af8eb42d56 -> 
  custom:framework-win-MediaFoundation: 216162199b28c13a410421893ffa2e32 -> 
  custom:container-demuxer-ogg: 62fdf1f143b41e24485cea50d1cbac27 -> 
  custom:video-decoder-webm-vp8: 9c59270c3fd7afecdb556c50c9e8de78 -> 
  custom:audio-decoder-ogg-vorbis: bf7c407c2cedff20999df2af8eb42d56 -> 
========================================================================
Received Import Request.
  Time since last request: 69.712898 seconds.
  path: Assets/Scenes/ServerConect.unity
  artifactKey: Guid(c495be91533813646930885a81017479) Importer(815301076,1909f56bfc062723c751e8b465ee728b)
Start importing Assets/Scenes/ServerConect.unity using Guid(c495be91533813646930885a81017479) Importer(815301076,1909f56bfc062723c751e8b465ee728b)  -> (artifact id: 'ffe82ad2dfad5e35a31a9581c9b193da') in 0.005868 seconds 
